#
# An unexpected error has been detected by Java Runtime Environment:
#
#  EXCEPTION_ACCESS_VIOLATION (0xc0000005) at pc=0x76a30d23, pid=7644, tid=8104
#
# Java VM: Java HotSpot(TM) Client VM (1.6.0-b105 mixed mode, sharing)
# Problematic frame:
# C  [KERNELBASE.dll+0x10d23]
#
# If you would like to submit a bug report, please visit:
#   http://java.sun.com/webapps/bugreport/crash.jsp
#

---------------  T H R E A D  ---------------

Current thread (0x05395c00):  JavaThread "Basic L&F File Loading Thread" [_thread_in_native, id=8104]

siginfo: ExceptionCode=0xc0000005, reading address 0x0048c0e0

Registers:
EAX=0x05cff594, EBX=0x0048c0e0, ECX=0x00000000, EDX=0x7fffffff
ESP=0x05cff558, EBP=0x05cff560, ESI=0x0048c0e0, EDI=0x7fffffff
EIP=0x76a30d23, EFLAGS=0x00010206

Top of Stack: (sp=0x05cff558)
0x05cff558:   7fffffff 05cff5ec 05cff5b4 76a30d71
0x05cff568:   0048c0e0 05395c00 05cff5ec 28386c88
0x05cff578:   00288dd0 00000006 00000006 00000104
0x05cff588:   05cff6f4 00200000 00000006 00000000
0x05cff598:   05cff5c0 00000000 ffffffff 00000000
0x05cff5a8:   05cff5f0 770ff4d0 0d7ae843 05cff940
0x05cff5b8:   6d137817 00000000 00000001 0048c0e0
0x05cff5c8:   ffffffff 05cff6f4 00000104 05395c00 

Instructions: (pc=0x76a30d23)
0x76a30d13:   fa ff ff ff 7f 77 3d 33 c9 57 8b fa 85 d2 74 28
0x76a30d23:   38 0e 74 04 46 4f 75 f8 85 ff 74 1c 85 c0 74 08 


Stack: [0x05cb0000,0x05d00000),  sp=0x05cff558,  free space=317k
Native frames: (J=compiled Java code, j=interpreted, Vv=VM code, C=native code)
C  [KERNELBASE.dll+0x10d23]
C  [KERNELBASE.dll+0x10d71]
C  [awt.dll+0x137817]
j  sun.awt.shell.Win32ShellFolder2.getLinkLocation(Z)Lsun/awt/shell/ShellFolder;+20
j  sun.awt.shell.Win32ShellFolder2.isDirectory()Z+69
j  sun.awt.shell.Win32ShellFolder2.isDirectory()Z+79
j  javax.swing.filechooser.WindowsFileSystemView.isTraversable(Ljava/io/File;)Ljava/lang/Boolean;+17
j  javax.swing.JFileChooser.isTraversable(Ljava/io/File;)Z+51
j  javax.swing.plaf.basic.BasicDirectoryModel$LoadFilesThread.run0()V+155
j  javax.swing.plaf.basic.BasicDirectoryModel$LoadFilesThread.run()V+1
v  ~StubRoutines::call_stub

Java frames: (J=compiled Java code, j=interpreted, Vv=VM code)
j  sun.awt.shell.Win32ShellFolder2.getLinkLocation(JJZ)J+0
j  sun.awt.shell.Win32ShellFolder2.getLinkLocation(Z)Lsun/awt/shell/ShellFolder;+20
j  sun.awt.shell.Win32ShellFolder2.isDirectory()Z+69
j  sun.awt.shell.Win32ShellFolder2.isDirectory()Z+79
j  javax.swing.filechooser.WindowsFileSystemView.isTraversable(Ljava/io/File;)Ljava/lang/Boolean;+17
j  javax.swing.JFileChooser.isTraversable(Ljava/io/File;)Z+51
j  javax.swing.plaf.basic.BasicDirectoryModel$LoadFilesThread.run0()V+155
j  javax.swing.plaf.basic.BasicDirectoryModel$LoadFilesThread.run()V+1
v  ~StubRoutines::call_stub

---------------  P R O C E S S  ---------------

Java Threads: ( => current thread )
=>0x05395c00 JavaThread "Basic L&F File Loading Thread" [_thread_in_native, id=8104]
  0x05390800 JavaThread "Image Fetcher 0" daemon [_thread_blocked, id=1216]
  0x05335400 JavaThread "TimerQueue" daemon [_thread_blocked, id=4788]
  0x009e7c00 JavaThread "DestroyJavaVM" [_thread_blocked, id=4296]
  0x009a7400 JavaThread "AWT-EventQueue-0" [_thread_blocked, id=6588]
  0x009a5c00 JavaThread "AWT-Windows" daemon [_thread_in_native, id=5080]
  0x0099b000 JavaThread "AWT-Shutdown" [_thread_blocked, id=3480]
  0x009a5800 JavaThread "Java2D Disposer" daemon [_thread_blocked, id=2716]
  0x00917400 JavaThread "Low Memory Detector" daemon [_thread_blocked, id=6216]
  0x00915c00 JavaThread "CompilerThread0" daemon [_thread_blocked, id=5840]
  0x00915400 JavaThread "Attach Listener" daemon [_thread_blocked, id=2976]
  0x00915000 JavaThread "Signal Dispatcher" daemon [_thread_blocked, id=6252]
  0x008d7000 JavaThread "Finalizer" daemon [_thread_blocked, id=7660]
  0x008d1c00 JavaThread "Reference Handler" daemon [_thread_blocked, id=752]

Other Threads:
  0x008c8800 VMThread [id=7600]
  0x00921c00 WatcherThread [id=8180]

VM state:not at safepoint (normal execution)

VM Mutex/Monitor currently owned by a thread: None

Heap
 def new generation   total 960K, used 535K [0x242e0000, 0x243e0000, 0x247c0000)
  eden space 896K,  54% used [0x242e0000, 0x24359de8, 0x243c0000)
  from space 64K,  74% used [0x243d0000, 0x243dbea8, 0x243e0000)
  to   space 64K,   0% used [0x243c0000, 0x243c0000, 0x243d0000)
 tenured generation   total 4096K, used 2183K [0x247c0000, 0x24bc0000, 0x282e0000)
   the space 4096K,  53% used [0x247c0000, 0x249e1d80, 0x249e1e00, 0x24bc0000)
 compacting perm gen  total 12288K, used 882K [0x282e0000, 0x28ee0000, 0x2c2e0000)
   the space 12288K,   7% used [0x282e0000, 0x283bcb48, 0x283bcc00, 0x28ee0000)
    ro space 8192K,  66% used [0x2c2e0000, 0x2c829920, 0x2c829a00, 0x2cae0000)
    rw space 12288K,  52% used [0x2cae0000, 0x2d126130, 0x2d126200, 0x2d6e0000)

Dynamic libraries:
0x00400000 - 0x00423000 	C:\Program Files (x86)\Java\jdk1.6.0\bin\java.exe
0x770b0000 - 0x77207000 	C:\WINDOWS\SYSTEM32\ntdll.dll
0x74760000 - 0x74890000 	C:\WINDOWS\SYSTEM32\KERNEL32.DLL
0x76a20000 - 0x76ac6000 	C:\WINDOWS\SYSTEM32\KERNELBASE.dll
0x723e0000 - 0x72487000 	C:\WINDOWS\system32\apphelp.dll
0x76740000 - 0x767ee000 	C:\WINDOWS\SYSTEM32\ADVAPI32.dll
0x74b20000 - 0x74bd1000 	C:\WINDOWS\SYSTEM32\msvcrt.dll
0x754f0000 - 0x75524000 	C:\WINDOWS\SYSTEM32\sechost.dll
0x74ed0000 - 0x74f7c000 	C:\WINDOWS\SYSTEM32\RPCRT4.dll
0x74740000 - 0x7475c000 	C:\WINDOWS\SYSTEM32\SspiCli.dll
0x74730000 - 0x74739000 	C:\WINDOWS\SYSTEM32\CRYPTBASE.dll
0x746d0000 - 0x74721000 	C:\WINDOWS\SYSTEM32\bcryptPrimitives.dll
0x7c340000 - 0x7c396000 	C:\Program Files (x86)\Java\jdk1.6.0\jre\bin\msvcr71.dll
0x6d7c0000 - 0x6da07000 	C:\Program Files (x86)\Java\jdk1.6.0\jre\bin\client\jvm.dll
0x76cc0000 - 0x76dd6000 	C:\WINDOWS\SYSTEM32\USER32.dll
0x73670000 - 0x73691000 	C:\WINDOWS\SYSTEM32\WINMM.dll
0x74c40000 - 0x74d3d000 	C:\WINDOWS\SYSTEM32\GDI32.dll
0x725b0000 - 0x725da000 	C:\WINDOWS\SYSTEM32\WINMMBASE.dll
0x74d50000 - 0x74d70000 	C:\WINDOWS\system32\IMM32.DLL
0x76f10000 - 0x76fed000 	C:\WINDOWS\SYSTEM32\MSCTF.dll
0x6d310000 - 0x6d318000 	C:\Program Files (x86)\Java\jdk1.6.0\jre\bin\hpi.dll
0x76f00000 - 0x76f06000 	C:\WINDOWS\SYSTEM32\PSAPI.DLL
0x6d770000 - 0x6d77c000 	C:\Program Files (x86)\Java\jdk1.6.0\jre\bin\verify.dll
0x6d3b0000 - 0x6d3cf000 	C:\Program Files (x86)\Java\jdk1.6.0\jre\bin\java.dll
0x6d7b0000 - 0x6d7bf000 	C:\Program Files (x86)\Java\jdk1.6.0\jre\bin\zip.dll
0x6d000000 - 0x6d1c3000 	C:\Program Files (x86)\Java\jdk1.6.0\jre\bin\awt.dll
0x73cb0000 - 0x73d10000 	C:\WINDOWS\SYSTEM32\WINSPOOL.DRV
0x76de0000 - 0x76ef9000 	C:\WINDOWS\SYSTEM32\ole32.dll
0x768e0000 - 0x76a16000 	C:\WINDOWS\SYSTEM32\combase.dll
0x78fc0000 - 0x79204000 	C:\WINDOWS\AppPatch\AcGenral.DLL
0x74e90000 - 0x74ed0000 	C:\WINDOWS\SYSTEM32\SHLWAPI.dll
0x72f80000 - 0x73008000 	C:\WINDOWS\SYSTEM32\UxTheme.dll
0x722b0000 - 0x722c2000 	C:\WINDOWS\SYSTEM32\samcli.dll
0x76840000 - 0x768cb000 	C:\WINDOWS\SYSTEM32\OLEAUT32.dll
0x714a0000 - 0x714b4000 	C:\WINDOWS\SYSTEM32\MSACM32.dll
0x73f80000 - 0x73f88000 	C:\WINDOWS\SYSTEM32\VERSION.dll
0x755f0000 - 0x766b6000 	C:\WINDOWS\SYSTEM32\SHELL32.dll
0x746a0000 - 0x746bb000 	C:\WINDOWS\SYSTEM32\USERENV.dll
0x73540000 - 0x73559000 	C:\WINDOWS\SYSTEM32\dwmapi.dll
0x74d70000 - 0x74e90000 	C:\WINDOWS\SYSTEM32\urlmon.dll
0x734a0000 - 0x734b3000 	C:\WINDOWS\SYSTEM32\MPR.dll
0x74680000 - 0x74691000 	C:\WINDOWS\SYSTEM32\profapi.dll
0x76af0000 - 0x76c91000 	C:\WINDOWS\SYSTEM32\iertutil.dll
0x74f80000 - 0x75139000 	C:\WINDOWS\SYSTEM32\WININET.dll
0x739f0000 - 0x73a65000 	C:\WINDOWS\SYSTEM32\SHCORE.DLL
0x6d2b0000 - 0x6d303000 	C:\Program Files (x86)\Java\jdk1.6.0\jre\bin\fontmanager.dll
0x6d570000 - 0x6d583000 	C:\Program Files (x86)\Java\jdk1.6.0\jre\bin\net.dll
0x767f0000 - 0x76840000 	C:\WINDOWS\SYSTEM32\WS2_32.dll
0x74890000 - 0x74898000 	C:\WINDOWS\SYSTEM32\NSI.dll
0x74250000 - 0x7429a000 	C:\WINDOWS\system32\mswsock.dll
0x6d590000 - 0x6d599000 	C:\Program Files (x86)\Java\jdk1.6.0\jre\bin\nio.dll
0x766c0000 - 0x76734000 	C:\WINDOWS\SYSTEM32\clbcatq.dll
0x748a0000 - 0x74927000 	C:\WINDOWS\WinSxS\x86_microsoft.windows.common-controls_6595b64144ccf1df_5.82.9200.16384_none_bf100cd445f4d954\comctl32.dll
0x75340000 - 0x754ef000 	C:\WINDOWS\SYSTEM32\SETUPAPI.dll
0x755a0000 - 0x755e6000 	C:\WINDOWS\SYSTEM32\CFGMGR32.dll
0x76ad0000 - 0x76aee000 	C:\WINDOWS\SYSTEM32\DEVOBJ.dll
0x72190000 - 0x722a9000 	C:\WINDOWS\system32\propsys.dll
0x0fd30000 - 0x0fec8000 	C:\WINDOWS\system32\NetworkExplorer.dll
0x69220000 - 0x69228000 	C:\WINDOWS\System32\drprov.dll
0x74640000 - 0x7467e000 	C:\WINDOWS\System32\WINSTA.dll
0x68b90000 - 0x68b9f000 	C:\WINDOWS\System32\ntlanman.dll
0x0f2e0000 - 0x0f2f9000 	C:\WINDOWS\System32\davclnt.dll
0x68a60000 - 0x68a69000 	C:\WINDOWS\System32\DAVHLPR.dll
0x736b0000 - 0x736c0000 	C:\WINDOWS\SYSTEM32\wkscli.dll
0x739e0000 - 0x739ee000 	C:\WINDOWS\SYSTEM32\cscapi.dll
0x736e0000 - 0x736eb000 	C:\WINDOWS\SYSTEM32\netutils.dll
0x73060000 - 0x73069000 	C:\WINDOWS\SYSTEM32\LINKINFO.dll
0x6c900000 - 0x6c933000 	C:\WINDOWS\System32\shdocvw.dll

VM Arguments:
jvm_args: -Dfile.encoding=UTF-8
java_command: com.gsom.ui.MainWindow
Launcher Type: SUN_STANDARD

Environment Variables:
JAVA_HOME=C:\Program Files\Java\jre7
CLASSPATH=.;C:\Program Files (x86)\Java\jre7\lib\ext\QTJava.zip
PATH=C:\Program Files (x86)\NVIDIA Corporation\PhysX\Common;C:\WINDOWS\system32;C:\WINDOWS;C:\WINDOWS\System32\Wbem;C:\WINDOWS\System32\WindowsPowerShell\v1.0\;C:\Program Files (x86)\QuickTime\QTSystem\;C:\Program Files\Java\jre7\bin;C:\Program Files\Java\jdk1.7.0_09\bin;C:\Apache\apache-ant-1.8.4\bin;c:\Program Files (x86)\Microsoft SQL Server\100\Tools\Binn\;c:\Program Files\Microsoft SQL Server\100\Tools\Binn\;c:\Program Files\Microsoft SQL Server\100\DTS\Binn\
USERNAME=Thush
OS=Windows_NT
PROCESSOR_IDENTIFIER=Intel64 Family 6 Model 42 Stepping 7, GenuineIntel



---------------  S Y S T E M  ---------------

OS: Windows NT 6.2 Build 9200 

CPU:total 4 family 6, cmov, cx8, fxsr, mmx, sse, sse2

Memory: 4k page, physical 4194303k(3123740k free), swap 4194303k(4184392k free)

vm_info: Java HotSpot(TM) Client VM (1.6.0-b105) for windows-x86, built on Nov 29 2006 00:48:48 by "java_re" with unknown MS VC++:1310

